Unity Editor version:    2020.3.27f1 (e759542391ea)
Branch:                  2020.3/release
Build type:              Release
Batch mode:              YES
macOS version:           Version 13.6.1 (Build 22G313)
Darwin version:          22.6.0
Architecture:            x86_64
Running under Rosetta:   NO
Available memory:        16384 MB
Using pre-set license
Pro License: NO

COMMAND LINE ARGUMENTS:
/Applications/2020.3.27f1/Unity.app/Contents/MacOS/Unity
-adb2
-batchMode
-noUpm
-name
AssetImportWorker0
-projectPath
/Users/game3/Desktop/Create with Code/Own-Game(Racer2.0)
-logFile
Logs/AssetImportWorker0.log
-srvPort
58631
Successfully changed project path to: /Users/game3/Desktop/Create with Code/Own-Game(Racer2.0)
Could not lock editor preferences. Preferences updates for this instance of Unity will not be saved./Users/game3/Desktop/Create with Code/Own-Game(Racer2.0)
Using Asset Import Pipeline V2.
Refreshing native plugins compatible for Editor in 24.99 ms, found 2 plugins.
Preloading 0 native plugins for Editor in 0.00 ms.
Initialize engine version: 2020.3.27f1 (e759542391ea)
[Subsystems] Discovering subsystems at path /Applications/2020.3.27f1/Unity.app/Contents/Resources/UnitySubsystems
[Subsystems] Discovering subsystems at path /Users/game3/Desktop/Create with Code/Own-Game(Racer2.0)/Assets
GfxDevice: creating device client; threaded=0
2024-04-08 12:03:33.544 Unity[82513:2150658] iMac preferred device: AMD Radeon Pro 5500 XT (high power)
2024-04-08 12:03:33.544 Unity[82513:2150658] Metal devices available: 1
2024-04-08 12:03:33.544 Unity[82513:2150658] 0: AMD Radeon Pro 5500 XT (high power)
2024-04-08 12:03:33.544 Unity[82513:2150658] Using device AMD Radeon Pro 5500 XT (high power)
Initializing Metal device caps: AMD Radeon Pro 5500 XT
Initialize mono
Mono path[0] = '/Applications/2020.3.27f1/Unity.app/Contents/Managed'
Mono path[1] = '/Applications/2020.3.27f1/Unity.app/Contents/MonoBleedingEdge/lib/mono/unityjit'
Mono config path = '/Applications/2020.3.27f1/Unity.app/Contents/MonoBleedingEdge/etc'
Using monoOptions --debugger-agent=transport=dt_socket,embedding=1,server=y,suspend=n,address=127.0.0.1:56513
Begin MonoManager ReloadAssembly
Registering precompiled unity dll's ...
Register platform support module: /Applications/2020.3.27f1/Unity.app/Contents/PlaybackEngines/MacStandaloneSupport/UnityEditor.OSXStandalone.Extensions.dll
Registered in 0.000368 seconds.
Native extension for OSXStandalone target not found
Refreshing native plugins compatible for Editor in 24.23 ms, found 2 plugins.
Preloading 0 native plugins for Editor in 0.00 ms.
Mono: successfully reloaded assembly
- Completed reload, in  0.487 seconds
Domain Reload Profiling:
	ReloadAssembly (487ms)
		BeginReloadAssembly (37ms)
			ExecutionOrderSort (0ms)
			DisableScriptedObjects (0ms)
			BackupInstance (0ms)
			ReleaseScriptingObjects (0ms)
			CreateAndSetChildDomain (1ms)
		EndReloadAssembly (390ms)
			LoadAssemblies (36ms)
			RebuildTransferFunctionScriptingTraits (0ms)
			SetupTypeCache (145ms)
			ReleaseScriptCaches (0ms)
			RebuildScriptCaches (30ms)
			SetupLoadedEditorAssemblies (145ms)
				LogAssemblyErrors (0ms)
				InitializePlatformSupportModulesInManaged (3ms)
				SetLoadedEditorAssemblies (0ms)
				RefreshPlugins (24ms)
				BeforeProcessingInitializeOnLoad (7ms)
				ProcessInitializeOnLoadAttributes (86ms)
				ProcessInitializeOnLoadMethodAttributes (24ms)
				AfterProcessingInitializeOnLoad (0ms)
				EditorAssembliesLoaded (0ms)
			ExecutionOrderSort2 (0ms)
			AwakeInstancesAfterBackupRestoration (0ms)
Platform modules already initialized, skipping
Registering precompiled user dll's ...
Registered in 0.001833 seconds.
Begin MonoManager ReloadAssembly
Native extension for OSXStandalone target not found
Refreshing native plugins compatible for Editor in 0.30 ms, found 2 plugins.
Preloading 0 native plugins for Editor in 0.00 ms.
Mono: successfully reloaded assembly
- Completed reload, in  0.833 seconds
Domain Reload Profiling:
	ReloadAssembly (834ms)
		BeginReloadAssembly (120ms)
			ExecutionOrderSort (0ms)
			DisableScriptedObjects (4ms)
			BackupInstance (0ms)
			ReleaseScriptingObjects (0ms)
			CreateAndSetChildDomain (23ms)
		EndReloadAssembly (664ms)
			LoadAssemblies (59ms)
			RebuildTransferFunctionScriptingTraits (0ms)
			SetupTypeCache (259ms)
			ReleaseScriptCaches (0ms)
			RebuildScriptCaches (40ms)
			SetupLoadedEditorAssemblies (219ms)
				LogAssemblyErrors (0ms)
				InitializePlatformSupportModulesInManaged (3ms)
				SetLoadedEditorAssemblies (0ms)
				RefreshPlugins (0ms)
				BeforeProcessingInitializeOnLoad (37ms)
				ProcessInitializeOnLoadAttributes (170ms)
				ProcessInitializeOnLoadMethodAttributes (7ms)
				AfterProcessingInitializeOnLoad (1ms)
				EditorAssembliesLoaded (0ms)
			ExecutionOrderSort2 (0ms)
			AwakeInstancesAfterBackupRestoration (5ms)
Platform modules already initialized, skipping
Validating Project structure ... 0.002471 seconds.
Shader import version has changed; will reimport all shaders...
Upgrading shader files ...0.004006 seconds.
Application.AssetDatabase Initial Script Refresh Start
RefreshInfo: InitialScriptRefreshV2(NoUpdateAssetOptions) scanfilter:  ... 1 filters
RefreshProfiler: Total: 0.000ms
Application.AssetDatabase Initial Script Refresh End
Application.AssetDatabase.Refresh Start
Application.AssetDatabase.Refresh End
RefreshInfo: StopAssetImportingV2(ForceSynchronousImport) scanfilter: 
RefreshProfiler: Total: 0.000ms
Launching external process: /Applications/2020.3.27f1/Unity.app/Contents/Tools/UnityShaderCompiler
Launched and connected shader compiler UnityShaderCompiler after 0.01 seconds
Initializing Unity extensions:
2024-04-08 12:03:35.364 Unity[82513:2150658] NSEventModifierFlagFunction specified to -setKeyEquivalentModifierMask: for item <NSMenuItem: 0x7f8943c946a0 Font Asset, ke='Command-F12'>, but is only supported for system-provided menu items; will not be used
2024-04-08 12:03:35.367 Unity[82513:2150658] NSEventModifierFlagFunction specified to -setKeyEquivalentModifierMask: for item <NSMenuItem: 0x7f8943c986e0 Font Asset, ke='Command-F12'>, but is only supported for system-provided menu items; will not be used
========================================================================
Worker process is ready to serve import requests
Refreshing native plugins compatible for Editor in 0.22 ms, found 2 plugins.
Preloading 0 native plugins for Editor in 0.00 ms.
Unloading 1507 Unused Serialized files (Serialized files now loaded: 0)
System memory in use before: 87.5 MB.
System memory in use after: 86.8 MB.

Unloading 83 unused Assets to reduce memory usage. Loaded Objects now: 1978.
Total: 2.474245 ms (FindLiveObjects: 0.109377 ms CreateObjectMapping: 0.038782 ms MarkObjects: 1.945901 ms  DeleteObjects: 0.379470 ms)

AssetImportParameters requested are different than current active one (requested -> active):
  custom:video-decoder-ogg-theora: a1e56fd34408186e4bbccfd4996cb3dc -> 
  custom:container-muxer-webm: aa71ff27fc2769a1b78a27578f13a17b -> 
  custom:container-demuxer-webm: 4f35f7cbe854078d1ac9338744f61a02 -> 
  custom:container-demuxer-ogg: 62fdf1f143b41e24485cea50d1cbac27 -> 
  custom:video-encoder-webm-vp8: eb34c28f22e8b96e1ab97ce403110664 -> 
  custom:framework-osx-AVFoundation: e770b220cccbd017edd2c1fefb359320 -> 
  custom:video-decoder-webm-vp8: 9c59270c3fd7afecdb556c50c9e8de78 -> 
  custom:audio-decoder-ogg-vorbis: bf7c407c2cedff20999df2af8eb42d56 -> 
  custom:audio-encoder-webm-vorbis: bf7c407c2cedff20999df2af8eb42d56 -> 
========================================================================
Received Import Request.
  path: Assets/Scripts/FollowPlayer.cs
  artifactKey: Guid(214a781a759754a38a8337b35bdbba26) Importer(815301076,1909f56bfc062723c751e8b465ee728b)
Start importing Assets/Scripts/FollowPlayer.cs using Guid(214a781a759754a38a8337b35bdbba26) Importer(815301076,1909f56bfc062723c751e8b465ee728b)  -> (artifact id: '821ca8ac29edbac1c4ed062a6e171f03') in 0.157466 seconds 
  Import took 0.163212 seconds .

========================================================================
Received Prepare
Registering precompiled user dll's ...
Registered in 0.003450 seconds.
Begin MonoManager ReloadAssembly
Native extension for OSXStandalone target not found
Refreshing native plugins compatible for Editor in 0.44 ms, found 2 plugins.
Preloading 0 native plugins for Editor in 0.00 ms.
2024-04-08 12:03:36.481 Unity[82513:2150658] NSEventModifierFlagFunction specified to -setKeyEquivalentModifierMask: for item <NSMenuItem: 0x7f8943caca40 Font Asset, ke='Command-F12'>, but is only supported for system-provided menu items; will not be used
Mono: successfully reloaded assembly
- Completed reload, in  0.860 seconds
Domain Reload Profiling:
	ReloadAssembly (860ms)
		BeginReloadAssembly (89ms)
			ExecutionOrderSort (0ms)
			DisableScriptedObjects (4ms)
			BackupInstance (0ms)
			ReleaseScriptingObjects (0ms)
			CreateAndSetChildDomain (39ms)
		EndReloadAssembly (721ms)
			LoadAssemblies (57ms)
			RebuildTransferFunctionScriptingTraits (0ms)
			SetupTypeCache (255ms)
			ReleaseScriptCaches (1ms)
			RebuildScriptCaches (36ms)
			SetupLoadedEditorAssemblies (257ms)
				LogAssemblyErrors (0ms)
				InitializePlatformSupportModulesInManaged (4ms)
				SetLoadedEditorAssemblies (0ms)
				RefreshPlugins (0ms)
				BeforeProcessingInitializeOnLoad (73ms)
				ProcessInitializeOnLoadAttributes (172ms)
				ProcessInitializeOnLoadMethodAttributes (7ms)
				AfterProcessingInitializeOnLoad (1ms)
				EditorAssembliesLoaded (0ms)
			ExecutionOrderSort2 (0ms)
			AwakeInstancesAfterBackupRestoration (5ms)
Platform modules already initialized, skipping
Refreshing native plugins compatible for Editor in 0.22 ms, found 2 plugins.
Preloading 0 native plugins for Editor in 0.00 ms.
Unloading 1500 Unused Serialized files (Serialized files now loaded: 0)
System memory in use before: 166.5 MB.
System memory in use after: 166.6 MB.

Unloading 15 unused Assets to reduce memory usage. Loaded Objects now: 1981.
Total: 1.953201 ms (FindLiveObjects: 0.091043 ms CreateObjectMapping: 0.035724 ms MarkObjects: 1.815403 ms  DeleteObjects: 0.010482 ms)

AssetImportParameters requested are different than current active one (requested -> active):
  custom:video-decoder-ogg-theora: a1e56fd34408186e4bbccfd4996cb3dc -> 
  custom:container-muxer-webm: aa71ff27fc2769a1b78a27578f13a17b -> 
  custom:container-demuxer-webm: 4f35f7cbe854078d1ac9338744f61a02 -> 
  custom:container-demuxer-ogg: 62fdf1f143b41e24485cea50d1cbac27 -> 
  custom:video-encoder-webm-vp8: eb34c28f22e8b96e1ab97ce403110664 -> 
  custom:framework-osx-AVFoundation: e770b220cccbd017edd2c1fefb359320 -> 
  custom:video-decoder-webm-vp8: 9c59270c3fd7afecdb556c50c9e8de78 -> 
  custom:audio-decoder-ogg-vorbis: bf7c407c2cedff20999df2af8eb42d56 -> 
  custom:audio-encoder-webm-vorbis: bf7c407c2cedff20999df2af8eb42d56 -> 
========================================================================
Received Prepare
Registering precompiled user dll's ...
Registered in 0.001687 seconds.
Begin MonoManager ReloadAssembly
Native extension for OSXStandalone target not found
Refreshing native plugins compatible for Editor in 0.29 ms, found 2 plugins.
Preloading 0 native plugins for Editor in 0.00 ms.
2024-04-08 12:04:19.322 Unity[82513:2150658] NSEventModifierFlagFunction specified to -setKeyEquivalentModifierMask: for item <NSMenuItem: 0x7f8943cac790 Font Asset, ke='Command-F12'>, but is only supported for system-provided menu items; will not be used
Mono: successfully reloaded assembly
- Completed reload, in  0.815 seconds
Domain Reload Profiling:
	ReloadAssembly (815ms)
		BeginReloadAssembly (86ms)
			ExecutionOrderSort (0ms)
			DisableScriptedObjects (4ms)
			BackupInstance (0ms)
			ReleaseScriptingObjects (0ms)
			CreateAndSetChildDomain (37ms)
		EndReloadAssembly (680ms)
			LoadAssemblies (57ms)
			RebuildTransferFunctionScriptingTraits (0ms)
			SetupTypeCache (250ms)
			ReleaseScriptCaches (1ms)
			RebuildScriptCaches (36ms)
			SetupLoadedEditorAssemblies (245ms)
				LogAssemblyErrors (0ms)
				InitializePlatformSupportModulesInManaged (3ms)
				SetLoadedEditorAssemblies (0ms)
				RefreshPlugins (0ms)
				BeforeProcessingInitializeOnLoad (70ms)
				ProcessInitializeOnLoadAttributes (163ms)
				ProcessInitializeOnLoadMethodAttributes (7ms)
				AfterProcessingInitializeOnLoad (1ms)
				EditorAssembliesLoaded (0ms)
			ExecutionOrderSort2 (0ms)
			AwakeInstancesAfterBackupRestoration (5ms)
Platform modules already initialized, skipping
Refreshing native plugins compatible for Editor in 0.27 ms, found 2 plugins.
Preloading 0 native plugins for Editor in 0.00 ms.
Unloading 1500 Unused Serialized files (Serialized files now loaded: 0)
System memory in use before: 168.8 MB.
System memory in use after: 168.9 MB.

Unloading 14 unused Assets to reduce memory usage. Loaded Objects now: 1983.
Total: 2.031862 ms (FindLiveObjects: 0.096804 ms CreateObjectMapping: 0.034703 ms MarkObjects: 1.888315 ms  DeleteObjects: 0.011295 ms)

AssetImportParameters requested are different than current active one (requested -> active):
  custom:video-decoder-ogg-theora: a1e56fd34408186e4bbccfd4996cb3dc -> 
  custom:container-muxer-webm: aa71ff27fc2769a1b78a27578f13a17b -> 
  custom:container-demuxer-webm: 4f35f7cbe854078d1ac9338744f61a02 -> 
  custom:container-demuxer-ogg: 62fdf1f143b41e24485cea50d1cbac27 -> 
  custom:video-encoder-webm-vp8: eb34c28f22e8b96e1ab97ce403110664 -> 
  custom:framework-osx-AVFoundation: e770b220cccbd017edd2c1fefb359320 -> 
  custom:video-decoder-webm-vp8: 9c59270c3fd7afecdb556c50c9e8de78 -> 
  custom:audio-decoder-ogg-vorbis: bf7c407c2cedff20999df2af8eb42d56 -> 
  custom:audio-encoder-webm-vorbis: bf7c407c2cedff20999df2af8eb42d56 -> 
========================================================================
Received Import Request.
  Time since last request: 172.092079 seconds.
  path: Assets/Scripts/FollowPlayer.cs
  artifactKey: Guid(214a781a759754a38a8337b35bdbba26) Importer(815301076,1909f56bfc062723c751e8b465ee728b)
Start importing Assets/Scripts/FollowPlayer.cs using Guid(214a781a759754a38a8337b35bdbba26) Importer(815301076,1909f56bfc062723c751e8b465ee728b)  -> (artifact id: 'c509a12e365c8eceaaf29dd360270276') in 0.003284 seconds 
  Import took 0.006026 seconds .

========================================================================
Received Prepare
Registering precompiled user dll's ...
Registered in 0.001750 seconds.
Begin MonoManager ReloadAssembly
Native extension for OSXStandalone target not found
Refreshing native plugins compatible for Editor in 0.29 ms, found 2 plugins.
Preloading 0 native plugins for Editor in 0.00 ms.
2024-04-08 12:06:31.999 Unity[82513:2150658] NSEventModifierFlagFunction specified to -setKeyEquivalentModifierMask: for item <NSMenuItem: 0x7f8939f85db0 Font Asset, ke='Command-F12'>, but is only supported for system-provided menu items; will not be used
Mono: successfully reloaded assembly
- Completed reload, in  0.799 seconds
Domain Reload Profiling:
	ReloadAssembly (799ms)
		BeginReloadAssembly (88ms)
			ExecutionOrderSort (0ms)
			DisableScriptedObjects (4ms)
			BackupInstance (0ms)
			ReleaseScriptingObjects (0ms)
			CreateAndSetChildDomain (39ms)
		EndReloadAssembly (663ms)
			LoadAssemblies (55ms)
			RebuildTransferFunctionScriptingTraits (0ms)
			SetupTypeCache (245ms)
			ReleaseScriptCaches (1ms)
			RebuildScriptCaches (35ms)
			SetupLoadedEditorAssemblies (237ms)
				LogAssemblyErrors (0ms)
				InitializePlatformSupportModulesInManaged (3ms)
				SetLoadedEditorAssemblies (0ms)
				RefreshPlugins (0ms)
				BeforeProcessingInitializeOnLoad (69ms)
				ProcessInitializeOnLoadAttributes (156ms)
				ProcessInitializeOnLoadMethodAttributes (7ms)
				AfterProcessingInitializeOnLoad (1ms)
				EditorAssembliesLoaded (0ms)
			ExecutionOrderSort2 (0ms)
			AwakeInstancesAfterBackupRestoration (6ms)
Platform modules already initialized, skipping
Refreshing native plugins compatible for Editor in 0.24 ms, found 2 plugins.
Preloading 0 native plugins for Editor in 0.00 ms.
Unloading 1500 Unused Serialized files (Serialized files now loaded: 0)
System memory in use before: 171.1 MB.
System memory in use after: 171.2 MB.

Unloading 14 unused Assets to reduce memory usage. Loaded Objects now: 1985.
Total: 2.011554 ms (FindLiveObjects: 0.090912 ms CreateObjectMapping: 0.033404 ms MarkObjects: 1.876286 ms  DeleteObjects: 0.010277 ms)

AssetImportParameters requested are different than current active one (requested -> active):
  custom:video-decoder-ogg-theora: a1e56fd34408186e4bbccfd4996cb3dc -> 
  custom:container-muxer-webm: aa71ff27fc2769a1b78a27578f13a17b -> 
  custom:container-demuxer-webm: 4f35f7cbe854078d1ac9338744f61a02 -> 
  custom:container-demuxer-ogg: 62fdf1f143b41e24485cea50d1cbac27 -> 
  custom:video-encoder-webm-vp8: eb34c28f22e8b96e1ab97ce403110664 -> 
  custom:framework-osx-AVFoundation: e770b220cccbd017edd2c1fefb359320 -> 
  custom:video-decoder-webm-vp8: 9c59270c3fd7afecdb556c50c9e8de78 -> 
  custom:audio-decoder-ogg-vorbis: bf7c407c2cedff20999df2af8eb42d56 -> 
  custom:audio-encoder-webm-vorbis: bf7c407c2cedff20999df2af8eb42d56 -> 
========================================================================
Received Prepare
Registering precompiled user dll's ...
Registered in 0.001718 seconds.
Begin MonoManager ReloadAssembly
Native extension for OSXStandalone target not found
Refreshing native plugins compatible for Editor in 0.29 ms, found 2 plugins.
Preloading 0 native plugins for Editor in 0.00 ms.
2024-04-08 12:07:16.714 Unity[82513:2150658] NSEventModifierFlagFunction specified to -setKeyEquivalentModifierMask: for item <NSMenuItem: 0x7f8939fb3410 Font Asset, ke='Command-F12'>, but is only supported for system-provided menu items; will not be used
Mono: successfully reloaded assembly
- Completed reload, in  0.813 seconds
Domain Reload Profiling:
	ReloadAssembly (814ms)
		BeginReloadAssembly (91ms)
			ExecutionOrderSort (0ms)
			DisableScriptedObjects (3ms)
			BackupInstance (0ms)
			ReleaseScriptingObjects (0ms)
			CreateAndSetChildDomain (42ms)
		EndReloadAssembly (672ms)
			LoadAssemblies (58ms)
			RebuildTransferFunctionScriptingTraits (0ms)
			SetupTypeCache (247ms)
			ReleaseScriptCaches (1ms)
			RebuildScriptCaches (37ms)
			SetupLoadedEditorAssemblies (241ms)
				LogAssemblyErrors (0ms)
				InitializePlatformSupportModulesInManaged (3ms)
				SetLoadedEditorAssemblies (0ms)
				RefreshPlugins (0ms)
				BeforeProcessingInitializeOnLoad (68ms)
				ProcessInitializeOnLoadAttributes (161ms)
				ProcessInitializeOnLoadMethodAttributes (7ms)
				AfterProcessingInitializeOnLoad (1ms)
				EditorAssembliesLoaded (0ms)
			ExecutionOrderSort2 (0ms)
			AwakeInstancesAfterBackupRestoration (6ms)
Platform modules already initialized, skipping
Refreshing native plugins compatible for Editor in 0.25 ms, found 2 plugins.
Preloading 0 native plugins for Editor in 0.00 ms.
Unloading 1500 Unused Serialized files (Serialized files now loaded: 0)
System memory in use before: 173.4 MB.
System memory in use after: 173.5 MB.

Unloading 14 unused Assets to reduce memory usage. Loaded Objects now: 1987.
Total: 2.003572 ms (FindLiveObjects: 0.092476 ms CreateObjectMapping: 0.035389 ms MarkObjects: 1.864725 ms  DeleteObjects: 0.010396 ms)

AssetImportParameters requested are different than current active one (requested -> active):
  custom:video-decoder-ogg-theora: a1e56fd34408186e4bbccfd4996cb3dc -> 
  custom:container-muxer-webm: aa71ff27fc2769a1b78a27578f13a17b -> 
  custom:container-demuxer-webm: 4f35f7cbe854078d1ac9338744f61a02 -> 
  custom:container-demuxer-ogg: 62fdf1f143b41e24485cea50d1cbac27 -> 
  custom:video-encoder-webm-vp8: eb34c28f22e8b96e1ab97ce403110664 -> 
  custom:framework-osx-AVFoundation: e770b220cccbd017edd2c1fefb359320 -> 
  custom:video-decoder-webm-vp8: 9c59270c3fd7afecdb556c50c9e8de78 -> 
  custom:audio-decoder-ogg-vorbis: bf7c407c2cedff20999df2af8eb42d56 -> 
  custom:audio-encoder-webm-vorbis: bf7c407c2cedff20999df2af8eb42d56 -> 
========================================================================
Received Import Request.
  Time since last request: 76.479862 seconds.
  path: Assets/WW2 Armed Forces Demo/Materials/Tanks
  artifactKey: Guid(345a2ed6eb0b0984c95a55174351cb75) Importer(815301076,1909f56bfc062723c751e8b465ee728b)
Start importing Assets/WW2 Armed Forces Demo/Materials/Tanks using Guid(345a2ed6eb0b0984c95a55174351cb75) Importer(815301076,1909f56bfc062723c751e8b465ee728b)  -> (artifact id: 'ceecc07c43ab5c84f89a96eb48607690') in 0.002757 seconds 
  Import took 0.005659 seconds .

========================================================================
Received Import Request.
  Time since last request: 14.741116 seconds.
  path: Assets/WW2 Armed Forces Demo/Models
  artifactKey: Guid(d6de6109622423144a512c3653010505) Importer(815301076,1909f56bfc062723c751e8b465ee728b)
Start importing Assets/WW2 Armed Forces Demo/Models using Guid(d6de6109622423144a512c3653010505) Importer(815301076,1909f56bfc062723c751e8b465ee728b)  -> (artifact id: 'a8890aafb4451cedea35a8357786e48a') in 0.000868 seconds 
  Import took 0.003211 seconds .

========================================================================
Received Import Request.
  Time since last request: 10.582042 seconds.
  path: Assets/WW2 Armed Forces Demo/Materials
  artifactKey: Guid(2281484c8130f7d449ca48d380e82fb4) Importer(815301076,1909f56bfc062723c751e8b465ee728b)
Start importing Assets/WW2 Armed Forces Demo/Materials using Guid(2281484c8130f7d449ca48d380e82fb4) Importer(815301076,1909f56bfc062723c751e8b465ee728b)  -> (artifact id: '93fe853ddea160534b892ca4c9d992bf') in 0.002107 seconds 
  Import took 0.006173 seconds .

========================================================================
Received Prepare
Registering precompiled user dll's ...
Registered in 0.003126 seconds.
Begin MonoManager ReloadAssembly
Native extension for OSXStandalone target not found
Refreshing native plugins compatible for Editor in 0.31 ms, found 2 plugins.
Preloading 0 native plugins for Editor in 0.00 ms.
2024-04-08 12:13:44.104 Unity[82513:2150658] NSEventModifierFlagFunction specified to -setKeyEquivalentModifierMask: for item <NSMenuItem: 0x7f8943c3fd90 Font Asset, ke='Command-F12'>, but is only supported for system-provided menu items; will not be used
Mono: successfully reloaded assembly
- Completed reload, in  0.806 seconds
Domain Reload Profiling:
	ReloadAssembly (806ms)
		BeginReloadAssembly (86ms)
			ExecutionOrderSort (0ms)
			DisableScriptedObjects (3ms)
			BackupInstance (0ms)
			ReleaseScriptingObjects (0ms)
			CreateAndSetChildDomain (38ms)
		EndReloadAssembly (672ms)
			LoadAssemblies (56ms)
			RebuildTransferFunctionScriptingTraits (0ms)
			SetupTypeCache (248ms)
			ReleaseScriptCaches (1ms)
			RebuildScriptCaches (36ms)
			SetupLoadedEditorAssemblies (241ms)
				LogAssemblyErrors (0ms)
				InitializePlatformSupportModulesInManaged (3ms)
				SetLoadedEditorAssemblies (0ms)
				RefreshPlugins (0ms)
				BeforeProcessingInitializeOnLoad (69ms)
				ProcessInitializeOnLoadAttributes (160ms)
				ProcessInitializeOnLoadMethodAttributes (7ms)
				AfterProcessingInitializeOnLoad (1ms)
				EditorAssembliesLoaded (0ms)
			ExecutionOrderSort2 (0ms)
			AwakeInstancesAfterBackupRestoration (5ms)
Platform modules already initialized, skipping
Refreshing native plugins compatible for Editor in 0.23 ms, found 2 plugins.
Preloading 0 native plugins for Editor in 0.00 ms.
Unloading 1500 Unused Serialized files (Serialized files now loaded: 0)
System memory in use before: 175.7 MB.
System memory in use after: 175.8 MB.

Unloading 14 unused Assets to reduce memory usage. Loaded Objects now: 1989.
Total: 2.159843 ms (FindLiveObjects: 0.093035 ms CreateObjectMapping: 0.037236 ms MarkObjects: 2.010848 ms  DeleteObjects: 0.017887 ms)

AssetImportParameters requested are different than current active one (requested -> active):
  custom:video-decoder-ogg-theora: a1e56fd34408186e4bbccfd4996cb3dc -> 
  custom:container-muxer-webm: aa71ff27fc2769a1b78a27578f13a17b -> 
  custom:container-demuxer-webm: 4f35f7cbe854078d1ac9338744f61a02 -> 
  custom:container-demuxer-ogg: 62fdf1f143b41e24485cea50d1cbac27 -> 
  custom:video-encoder-webm-vp8: eb34c28f22e8b96e1ab97ce403110664 -> 
  custom:framework-osx-AVFoundation: e770b220cccbd017edd2c1fefb359320 -> 
  custom:video-decoder-webm-vp8: 9c59270c3fd7afecdb556c50c9e8de78 -> 
  custom:audio-decoder-ogg-vorbis: bf7c407c2cedff20999df2af8eb42d56 -> 
  custom:audio-encoder-webm-vorbis: bf7c407c2cedff20999df2af8eb42d56 -> 
========================================================================
Received Import Request.
  Time since last request: 498.620075 seconds.
  path: Assets/Unity Technologies/CarsAssetPack
  artifactKey: Guid(7655640317c94b744ac6ca67671823a4) Importer(815301076,1909f56bfc062723c751e8b465ee728b)
Start importing Assets/Unity Technologies/CarsAssetPack using Guid(7655640317c94b744ac6ca67671823a4) Importer(815301076,1909f56bfc062723c751e8b465ee728b)  -> (artifact id: 'cb9b52b6a15331a45eeaa686dfca7c92') in 0.003673 seconds 
  Import took 0.005735 seconds .

========================================================================
Received Import Request.
  Time since last request: 4.018513 seconds.
  path: Assets/Unity Technologies
  artifactKey: Guid(4facb0a78bc25084081441ab5306ca40) Importer(815301076,1909f56bfc062723c751e8b465ee728b)
Start importing Assets/Unity Technologies using Guid(4facb0a78bc25084081441ab5306ca40) Importer(815301076,1909f56bfc062723c751e8b465ee728b)  -> (artifact id: '98f0075b690cd4e3a1e1a0ae60ac2929') in 0.001131 seconds 
  Import took 0.003053 seconds .

========================================================================
Received Import Request.
  Time since last request: 2.409838 seconds.
  path: Assets/Unity Technologies/CarsAssetPack/Prefabs
  artifactKey: Guid(c51b2b52cc3df984ab132d6baa12bbdc) Importer(815301076,1909f56bfc062723c751e8b465ee728b)
Start importing Assets/Unity Technologies/CarsAssetPack/Prefabs using Guid(c51b2b52cc3df984ab132d6baa12bbdc) Importer(815301076,1909f56bfc062723c751e8b465ee728b)  -> (artifact id: 'a9aaf1ad502f95ddc1b17e8e5b85dad6') in 0.001685 seconds 
  Import took 0.004120 seconds .

========================================================================
Received Import Request.
  Time since last request: 0.083862 seconds.
  path: Assets/Unity Technologies/CarsAssetPack/Prefabs/Lights.prefab
  artifactKey: Guid(1912f3bd9eb0a044384f0be389db9d51) Importer(815301076,1909f56bfc062723c751e8b465ee728b)
Start importing Assets/Unity Technologies/CarsAssetPack/Prefabs/Lights.prefab using Guid(1912f3bd9eb0a044384f0be389db9d51) Importer(815301076,1909f56bfc062723c751e8b465ee728b)  -> (artifact id: '973e22921dac790f65e16761886706bb') in 0.580955 seconds 
  Import took 0.584686 seconds .

========================================================================
Received Import Request.
  Time since last request: 9.847478 seconds.
  path: Assets/Unity Technologies/CarsAssetPack/Models/BLEND
  artifactKey: Guid(9563702851dcaa947999a09210d710ef) Importer(815301076,1909f56bfc062723c751e8b465ee728b)
Start importing Assets/Unity Technologies/CarsAssetPack/Models/BLEND using Guid(9563702851dcaa947999a09210d710ef) Importer(815301076,1909f56bfc062723c751e8b465ee728b)  -> (artifact id: '1ed1f457d532aa1d14281d8fbd03a037') in 0.001336 seconds 
  Import took 0.003884 seconds .

========================================================================
Received Import Request.
  Time since last request: 0.043618 seconds.
  path: Assets/Unity Technologies/CarsAssetPack/Models/BLEND/All-Car-Pack-New.blend
  artifactKey: Guid(0bff4a01e0beebc49b4b2e57acd6852b) Importer(815301076,1909f56bfc062723c751e8b465ee728b)
Start importing Assets/Unity Technologies/CarsAssetPack/Models/BLEND/All-Car-Pack-New.blend using Guid(0bff4a01e0beebc49b4b2e57acd6852b) Importer(815301076,1909f56bfc062723c751e8b465ee728b)  -> (artifact id: 'c9b418ac693c66201096893553be37a7') in 1.045236 seconds 
  Import took 1.051567 seconds .

========================================================================
Received Import Request.
  Time since last request: 4.853809 seconds.
  path: Assets/Unity Technologies/CarsAssetPack/Models/FBX/Car-1.fbx
  artifactKey: Guid(bcd97bcc728ec0348a2bdaee62d4c327) Importer(815301076,1909f56bfc062723c751e8b465ee728b)
Start importing Assets/Unity Technologies/CarsAssetPack/Models/FBX/Car-1.fbx using Guid(bcd97bcc728ec0348a2bdaee62d4c327) Importer(815301076,1909f56bfc062723c751e8b465ee728b)  -> (artifact id: 'efd1bd659a13bcb915c83744387b4774') in 0.088079 seconds 
  Import took 0.093550 seconds .

========================================================================
Received Import Request.
  Time since last request: 0.000232 seconds.
  path: Assets/Unity Technologies/CarsAssetPack/Models/FBX/Ground.fbx
  artifactKey: Guid(e5ea04c273beb8a4296bfcfdecdac92f) Importer(815301076,1909f56bfc062723c751e8b465ee728b)
Start importing Assets/Unity Technologies/CarsAssetPack/Models/FBX/Ground.fbx using Guid(e5ea04c273beb8a4296bfcfdecdac92f) Importer(815301076,1909f56bfc062723c751e8b465ee728b)  -> (artifact id: '6c4d2844b89ba64db22d4577ebb55e88') in 0.021161 seconds 
  Import took 0.023122 seconds .

========================================================================
Received Import Request.
  Time since last request: 0.000139 seconds.
  path: Assets/Unity Technologies/CarsAssetPack/Models/FBX/Car-2.fbx
  artifactKey: Guid(3708f9167acc1b441a8e7d5b4e9ff129) Importer(815301076,1909f56bfc062723c751e8b465ee728b)
Start importing Assets/Unity Technologies/CarsAssetPack/Models/FBX/Car-2.fbx using Guid(3708f9167acc1b441a8e7d5b4e9ff129) Importer(815301076,1909f56bfc062723c751e8b465ee728b)  -> (artifact id: '70b2955a1f7daa23cdc287b736fe3a1b') in 0.032086 seconds 
  Import took 0.034475 seconds .

========================================================================
Received Import Request.
  Time since last request: 0.000152 seconds.
  path: Assets/Unity Technologies/CarsAssetPack/Models/FBX/Car-4.fbx
  artifactKey: Guid(c48cc038dca18174ea58e5a9cbd45032) Importer(815301076,1909f56bfc062723c751e8b465ee728b)
Start importing Assets/Unity Technologies/CarsAssetPack/Models/FBX/Car-4.fbx using Guid(c48cc038dca18174ea58e5a9cbd45032) Importer(815301076,1909f56bfc062723c751e8b465ee728b)  -> (artifact id: '7ad18723927c6fe368079de2a52a92ad') in 0.032566 seconds 
  Import took 0.034896 seconds .

========================================================================
Received Import Request.
  Time since last request: 0.000147 seconds.
  path: Assets/Unity Technologies/CarsAssetPack/Models/FBX/Car-8.fbx
  artifactKey: Guid(344d33e51fe319c4c9568dabc486c3ff) Importer(815301076,1909f56bfc062723c751e8b465ee728b)
Start importing Assets/Unity Technologies/CarsAssetPack/Models/FBX/Car-8.fbx using Guid(344d33e51fe319c4c9568dabc486c3ff) Importer(815301076,1909f56bfc062723c751e8b465ee728b)  -> (artifact id: '2cd3a72ca8054958daefbce1b6208f6d') in 0.030817 seconds 
  Import took 0.033139 seconds .

========================================================================
Received Import Request.
  Time since last request: 0.000161 seconds.
  path: Assets/Unity Technologies/CarsAssetPack/Models/FBX/Car-5.fbx
  artifactKey: Guid(48cd618cd02bb034492a2960c2fc7ddd) Importer(815301076,1909f56bfc062723c751e8b465ee728b)
Start importing Assets/Unity Technologies/CarsAssetPack/Models/FBX/Car-5.fbx using Guid(48cd618cd02bb034492a2960c2fc7ddd) Importer(815301076,1909f56bfc062723c751e8b465ee728b)  -> (artifact id: '1071c3c772035cbef3f1030f5defee67') in 0.031304 seconds 
  Import took 0.033856 seconds .

========================================================================
Received Import Request.
  Time since last request: 0.000138 seconds.
  path: Assets/Unity Technologies/CarsAssetPack/Models/FBX/Car-6.fbx
  artifactKey: Guid(7b6af8d7ab64e2946ae0f0cee1c0b623) Importer(815301076,1909f56bfc062723c751e8b465ee728b)
Start importing Assets/Unity Technologies/CarsAssetPack/Models/FBX/Car-6.fbx using Guid(7b6af8d7ab64e2946ae0f0cee1c0b623) Importer(815301076,1909f56bfc062723c751e8b465ee728b)  -> (artifact id: 'fb2205890a7480c44119f7f681c643fe') in 0.029809 seconds 
  Import took 0.032185 seconds .

========================================================================
Received Import Request.
  Time since last request: 0.000163 seconds.
  path: Assets/Unity Technologies/CarsAssetPack/Models/FBX/Car-3.fbx
  artifactKey: Guid(830690d5c1cddc44ea920740a956d0b1) Importer(815301076,1909f56bfc062723c751e8b465ee728b)
Start importing Assets/Unity Technologies/CarsAssetPack/Models/FBX/Car-3.fbx using Guid(830690d5c1cddc44ea920740a956d0b1) Importer(815301076,1909f56bfc062723c751e8b465ee728b)  -> (artifact id: '58072ea3664f8a24a3c00d69b6f1c788') in 0.030328 seconds 
  Import took 0.032811 seconds .

========================================================================
Received Import Request.
  Time since last request: 0.000146 seconds.
  path: Assets/Unity Technologies/CarsAssetPack/Models/FBX/Car-7.fbx
  artifactKey: Guid(1f273cad24519b24ebcfa09ec662854d) Importer(815301076,1909f56bfc062723c751e8b465ee728b)
Start importing Assets/Unity Technologies/CarsAssetPack/Models/FBX/Car-7.fbx using Guid(1f273cad24519b24ebcfa09ec662854d) Importer(815301076,1909f56bfc062723c751e8b465ee728b)  -> (artifact id: '3c6cd40ade1515d69d6f1bb97a79150b') in 0.024164 seconds 
  Import took 0.026542 seconds .

========================================================================
Received Prepare
Registering precompiled user dll's ...
Registered in 0.003495 seconds.
Begin MonoManager ReloadAssembly
Native extension for OSXStandalone target not found
Refreshing native plugins compatible for Editor in 0.29 ms, found 2 plugins.
Preloading 0 native plugins for Editor in 0.00 ms.
2024-04-08 12:26:43.931 Unity[82513:2150658] NSEventModifierFlagFunction specified to -setKeyEquivalentModifierMask: for item <NSMenuItem: 0x7f8939f3e4d0 Font Asset, ke='Command-F12'>, but is only supported for system-provided menu items; will not be used
Mono: successfully reloaded assembly
- Completed reload, in  0.784 seconds
Domain Reload Profiling:
	ReloadAssembly (784ms)
		BeginReloadAssembly (85ms)
			ExecutionOrderSort (0ms)
			DisableScriptedObjects (3ms)
			BackupInstance (0ms)
			ReleaseScriptingObjects (0ms)
			CreateAndSetChildDomain (37ms)
		EndReloadAssembly (651ms)
			LoadAssemblies (54ms)
			RebuildTransferFunctionScriptingTraits (0ms)
			SetupTypeCache (239ms)
			ReleaseScriptCaches (1ms)
			RebuildScriptCaches (35ms)
			SetupLoadedEditorAssemblies (234ms)
				LogAssemblyErrors (0ms)
				InitializePlatformSupportModulesInManaged (3ms)
				SetLoadedEditorAssemblies (0ms)
				RefreshPlugins (0ms)
				BeforeProcessingInitializeOnLoad (68ms)
				ProcessInitializeOnLoadAttributes (155ms)
				ProcessInitializeOnLoadMethodAttributes (6ms)
				AfterProcessingInitializeOnLoad (1ms)
				EditorAssembliesLoaded (0ms)
			ExecutionOrderSort2 (0ms)
			AwakeInstancesAfterBackupRestoration (5ms)
Platform modules already initialized, skipping
Refreshing native plugins compatible for Editor in 0.27 ms, found 2 plugins.
Preloading 0 native plugins for Editor in 0.00 ms.
Unloading 1500 Unused Serialized files (Serialized files now loaded: 0)
System memory in use before: 415.9 MB.
System memory in use after: 416.1 MB.

Unloading 14 unused Assets to reduce memory usage. Loaded Objects now: 2033.
Total: 2.111104 ms (FindLiveObjects: 0.099217 ms CreateObjectMapping: 0.036655 ms MarkObjects: 1.962866 ms  DeleteObjects: 0.011579 ms)

AssetImportParameters requested are different than current active one (requested -> active):
  custom:video-decoder-ogg-theora: a1e56fd34408186e4bbccfd4996cb3dc -> 
  custom:container-muxer-webm: aa71ff27fc2769a1b78a27578f13a17b -> 
  custom:container-demuxer-webm: 4f35f7cbe854078d1ac9338744f61a02 -> 
  custom:container-demuxer-ogg: 62fdf1f143b41e24485cea50d1cbac27 -> 
  custom:video-encoder-webm-vp8: eb34c28f22e8b96e1ab97ce403110664 -> 
  custom:framework-osx-AVFoundation: e770b220cccbd017edd2c1fefb359320 -> 
  custom:video-decoder-webm-vp8: 9c59270c3fd7afecdb556c50c9e8de78 -> 
  custom:audio-decoder-ogg-vorbis: bf7c407c2cedff20999df2af8eb42d56 -> 
  custom:audio-encoder-webm-vorbis: bf7c407c2cedff20999df2af8eb42d56 -> 
========================================================================
Received Prepare
Registering precompiled user dll's ...
Registered in 0.001700 seconds.
Begin MonoManager ReloadAssembly
Native extension for OSXStandalone target not found
Refreshing native plugins compatible for Editor in 0.29 ms, found 2 plugins.
Preloading 0 native plugins for Editor in 0.00 ms.
2024-04-08 12:27:45.589 Unity[82513:2150658] NSEventModifierFlagFunction specified to -setKeyEquivalentModifierMask: for item <NSMenuItem: 0x7f8943d16b70 Font Asset, ke='Command-F12'>, but is only supported for system-provided menu items; will not be used
Mono: successfully reloaded assembly
- Completed reload, in  0.816 seconds
Domain Reload Profiling:
	ReloadAssembly (817ms)
		BeginReloadAssembly (88ms)
			ExecutionOrderSort (0ms)
			DisableScriptedObjects (4ms)
			BackupInstance (0ms)
			ReleaseScriptingObjects (0ms)
			CreateAndSetChildDomain (41ms)
		EndReloadAssembly (680ms)
			LoadAssemblies (57ms)
			RebuildTransferFunctionScriptingTraits (0ms)
			SetupTypeCache (252ms)
			ReleaseScriptCaches (1ms)
			RebuildScriptCaches (37ms)
			SetupLoadedEditorAssemblies (243ms)
				LogAssemblyErrors (0ms)
				InitializePlatformSupportModulesInManaged (3ms)
				SetLoadedEditorAssemblies (0ms)
				RefreshPlugins (0ms)
				BeforeProcessingInitializeOnLoad (69ms)
				ProcessInitializeOnLoadAttributes (162ms)
				ProcessInitializeOnLoadMethodAttributes (7ms)
				AfterProcessingInitializeOnLoad (1ms)
				EditorAssembliesLoaded (0ms)
			ExecutionOrderSort2 (0ms)
			AwakeInstancesAfterBackupRestoration (5ms)
Platform modules already initialized, skipping
Refreshing native plugins compatible for Editor in 0.27 ms, found 2 plugins.
Preloading 0 native plugins for Editor in 0.00 ms.
Unloading 1500 Unused Serialized files (Serialized files now loaded: 0)
System memory in use before: 418.2 MB.
System memory in use after: 418.3 MB.

Unloading 14 unused Assets to reduce memory usage. Loaded Objects now: 2035.
Total: 2.006956 ms (FindLiveObjects: 0.104763 ms CreateObjectMapping: 0.039150 ms MarkObjects: 1.851875 ms  DeleteObjects: 0.010562 ms)

AssetImportParameters requested are different than current active one (requested -> active):
  custom:video-decoder-ogg-theora: a1e56fd34408186e4bbccfd4996cb3dc -> 
  custom:container-muxer-webm: aa71ff27fc2769a1b78a27578f13a17b -> 
  custom:container-demuxer-webm: 4f35f7cbe854078d1ac9338744f61a02 -> 
  custom:container-demuxer-ogg: 62fdf1f143b41e24485cea50d1cbac27 -> 
  custom:video-encoder-webm-vp8: eb34c28f22e8b96e1ab97ce403110664 -> 
  custom:framework-osx-AVFoundation: e770b220cccbd017edd2c1fefb359320 -> 
  custom:video-decoder-webm-vp8: 9c59270c3fd7afecdb556c50c9e8de78 -> 
  custom:audio-decoder-ogg-vorbis: bf7c407c2cedff20999df2af8eb42d56 -> 
  custom:audio-encoder-webm-vorbis: bf7c407c2cedff20999df2af8eb42d56 -> 
========================================================================
Received Import Request.
  Time since last request: 928.861606 seconds.
  path: Assets/Unity Technologies/CarsAssetPack/Models/OBJ/blackboard.obj
  artifactKey: Guid(96a4d1a0c54e13f4d9e9aecff5f30215) Importer(815301076,1909f56bfc062723c751e8b465ee728b)
Start importing Assets/Unity Technologies/CarsAssetPack/Models/OBJ/blackboard.obj using Guid(96a4d1a0c54e13f4d9e9aecff5f30215) Importer(815301076,1909f56bfc062723c751e8b465ee728b)  -> (artifact id: '16ea2a3568af8b015c74a774ed69c359') in 0.749167 seconds 
  Import took 0.755523 seconds .

========================================================================
Received Import Request.
  Time since last request: 0.000232 seconds.
  path: Assets/Unity Technologies/CarsAssetPack/Models/OBJ/car-2.obj
  artifactKey: Guid(12be98a507f389147bb82d92759fd408) Importer(815301076,1909f56bfc062723c751e8b465ee728b)
Start importing Assets/Unity Technologies/CarsAssetPack/Models/OBJ/car-2.obj using Guid(12be98a507f389147bb82d92759fd408) Importer(815301076,1909f56bfc062723c751e8b465ee728b)  -> (artifact id: '78a5e87fee9de2abc88df76e14fc5fd4') in 0.017817 seconds 
  Import took 0.020329 seconds .

========================================================================
Received Import Request.
  Time since last request: 0.000145 seconds.
  path: Assets/Unity Technologies/CarsAssetPack/Models/OBJ/car-6.obj
  artifactKey: Guid(07e5c910c242e2d45be008faea71c6b2) Importer(815301076,1909f56bfc062723c751e8b465ee728b)
Start importing Assets/Unity Technologies/CarsAssetPack/Models/OBJ/car-6.obj using Guid(07e5c910c242e2d45be008faea71c6b2) Importer(815301076,1909f56bfc062723c751e8b465ee728b)  -> (artifact id: '9117f6454a61d8c20d1deeea4425c038') in 0.017650 seconds 
  Import took 0.019715 seconds .

========================================================================
Received Import Request.
  Time since last request: 0.000143 seconds.
  path: Assets/Unity Technologies/CarsAssetPack/Models/OBJ/car-3.obj
  artifactKey: Guid(6601928ce1e79e14d85231d62e876cff) Importer(815301076,1909f56bfc062723c751e8b465ee728b)
Start importing Assets/Unity Technologies/CarsAssetPack/Models/OBJ/car-3.obj using Guid(6601928ce1e79e14d85231d62e876cff) Importer(815301076,1909f56bfc062723c751e8b465ee728b)  -> (artifact id: '40bafb8e589e7348388da7ba3125ddc6') in 0.016889 seconds 
  Import took 0.018799 seconds .

========================================================================
Received Import Request.
  Time since last request: 0.000142 seconds.
  path: Assets/Unity Technologies/CarsAssetPack/Models/OBJ/car-4.obj
  artifactKey: Guid(35462c1fbd0db7e4abbd17c3636307f0) Importer(815301076,1909f56bfc062723c751e8b465ee728b)
Start importing Assets/Unity Technologies/CarsAssetPack/Models/OBJ/car-4.obj using Guid(35462c1fbd0db7e4abbd17c3636307f0) Importer(815301076,1909f56bfc062723c751e8b465ee728b)  -> (artifact id: '8015ea72154f768a486efd41a3dbf93f') in 0.020166 seconds 
  Import took 0.022061 seconds .

========================================================================
Received Import Request.
  Time since last request: 0.000144 seconds.
  path: Assets/Unity Technologies/CarsAssetPack/Models/OBJ/car-8.obj
  artifactKey: Guid(e09c42a8c20b2ee4fbbcf6e3ee8f0e2c) Importer(815301076,1909f56bfc062723c751e8b465ee728b)
Start importing Assets/Unity Technologies/CarsAssetPack/Models/OBJ/car-8.obj using Guid(e09c42a8c20b2ee4fbbcf6e3ee8f0e2c) Importer(815301076,1909f56bfc062723c751e8b465ee728b)  -> (artifact id: '7165a8af96ddcf48468bcee21ad87a0b') in 0.014879 seconds 
  Import took 0.017194 seconds .

========================================================================
Received Import Request.
  Time since last request: 0.000144 seconds.
  path: Assets/Unity Technologies/CarsAssetPack/Models/OBJ/car-5.obj
  artifactKey: Guid(56ae26e15159565419466b99ed542ef5) Importer(815301076,1909f56bfc062723c751e8b465ee728b)
Start importing Assets/Unity Technologies/CarsAssetPack/Models/OBJ/car-5.obj using Guid(56ae26e15159565419466b99ed542ef5) Importer(815301076,1909f56bfc062723c751e8b465ee728b)  -> (artifact id: 'cd951f981cad2f6d70a7820a3dedbea3') in 0.016214 seconds 
  Import took 0.018144 seconds .

========================================================================
Received Import Request.
  Time since last request: 0.000160 seconds.
  path: Assets/Unity Technologies/CarsAssetPack/Models/OBJ/car-7.obj
  artifactKey: Guid(f083d56c19a283141833ac8c13da2cca) Importer(815301076,1909f56bfc062723c751e8b465ee728b)
Start importing Assets/Unity Technologies/CarsAssetPack/Models/OBJ/car-7.obj using Guid(f083d56c19a283141833ac8c13da2cca) Importer(815301076,1909f56bfc062723c751e8b465ee728b)  -> (artifact id: '72f2b34db47aa6ca3b3076b79aa9c507') in 0.017000 seconds 
  Import took 0.019341 seconds .

========================================================================
Received Import Request.
  Time since last request: 0.000148 seconds.
  path: Assets/Unity Technologies/CarsAssetPack/Models/OBJ/car-1.obj
  artifactKey: Guid(26eb1b3f7fe818d4db0c50e0eeecb288) Importer(815301076,1909f56bfc062723c751e8b465ee728b)
Start importing Assets/Unity Technologies/CarsAssetPack/Models/OBJ/car-1.obj using Guid(26eb1b3f7fe818d4db0c50e0eeecb288) Importer(815301076,1909f56bfc062723c751e8b465ee728b)  -> (artifact id: '24fc674606bd692980a16a0a7ce7dc33') in 0.017884 seconds 
  Import took 0.019835 seconds .

========================================================================
Received Import Request.
  Time since last request: 317.984043 seconds.
  path: Assets/Prefabs
  artifactKey: Guid(f958f5133ad83c949b41ccac2b09fb26) Importer(815301076,1909f56bfc062723c751e8b465ee728b)
Start importing Assets/Prefabs using Guid(f958f5133ad83c949b41ccac2b09fb26) Importer(815301076,1909f56bfc062723c751e8b465ee728b)  -> (artifact id: '123b6612f826261d16924a7b1f1d81dd') in 0.000821 seconds 
  Import took 0.003304 seconds .

========================================================================
Received Import Request.
  Time since last request: 30.823767 seconds.
  path: Assets/RealPrefabs
  artifactKey: Guid(1fc10c9e288b3434db5d42579de63c2b) Importer(815301076,1909f56bfc062723c751e8b465ee728b)
Start importing Assets/RealPrefabs using Guid(1fc10c9e288b3434db5d42579de63c2b) Importer(815301076,1909f56bfc062723c751e8b465ee728b)  -> (artifact id: '95df1dca78528c21ece9a79ce5f6cfbf') in 0.001771 seconds 
  Import took 0.003876 seconds .

========================================================================
Received Import Request.
  Time since last request: 7.988838 seconds.
  path: Assets/RealPrefabs/Enemy2.prefab
  artifactKey: Guid(14340af6a63ff49ec88bedb2f20fffa0) Importer(815301076,1909f56bfc062723c751e8b465ee728b)
Start importing Assets/RealPrefabs/Enemy2.prefab using Guid(14340af6a63ff49ec88bedb2f20fffa0) Importer(815301076,1909f56bfc062723c751e8b465ee728b)  -> (artifact id: '0811d25b4be7592028e607674e5efd49') in 0.007270 seconds 
  Import took 0.009628 seconds .

========================================================================
Received Import Request.
  Time since last request: 2.990497 seconds.
  path: Assets/RealPrefabs/Enemy1.prefab
  artifactKey: Guid(9054f5f8ac480446da9b22e117e03dd7) Importer(815301076,1909f56bfc062723c751e8b465ee728b)
Start importing Assets/RealPrefabs/Enemy1.prefab using Guid(9054f5f8ac480446da9b22e117e03dd7) Importer(815301076,1909f56bfc062723c751e8b465ee728b)  -> (artifact id: '6ac6f8b77168674eed08ad2570926e26') in 0.010010 seconds 
  Import took 0.012712 seconds .

========================================================================
Received Import Request.
  Time since last request: 2.790876 seconds.
  path: Assets/RealPrefabs/Player.prefab
  artifactKey: Guid(3b35dd2683ac143c7a0285c371c9cf6c) Importer(815301076,1909f56bfc062723c751e8b465ee728b)
Start importing Assets/RealPrefabs/Player.prefab using Guid(3b35dd2683ac143c7a0285c371c9cf6c) Importer(815301076,1909f56bfc062723c751e8b465ee728b)  -> (artifact id: '4c8c929d953343205c30f84b2a92d04e') in 0.142183 seconds 
  Import took 0.146402 seconds .

========================================================================
Received Import Request.
  Time since last request: 84.727875 seconds.
  path: Assets/Scripts/DestrotOutOfBounds.cs
  artifactKey: Guid(b292dd95a019d46328f655261c302c7f) Importer(815301076,1909f56bfc062723c751e8b465ee728b)
Start importing Assets/Scripts/DestrotOutOfBounds.cs using Guid(b292dd95a019d46328f655261c302c7f) Importer(815301076,1909f56bfc062723c751e8b465ee728b)  -> (artifact id: '8dec396eb1aa00cbe1bda921e91a9160') in 0.002526 seconds 
  Import took 0.004813 seconds .

========================================================================
Received Prepare
Registering precompiled user dll's ...
Registered in 0.001897 seconds.
Begin MonoManager ReloadAssembly
Native extension for OSXStandalone target not found
Refreshing native plugins compatible for Editor in 0.31 ms, found 2 plugins.
Preloading 0 native plugins for Editor in 0.00 ms.
2024-04-08 12:39:52.919 Unity[82513:2150658] NSEventModifierFlagFunction specified to -setKeyEquivalentModifierMask: for item <NSMenuItem: 0x7f8943d1c540 Font Asset, ke='Command-F12'>, but is only supported for system-provided menu items; will not be used
Mono: successfully reloaded assembly
- Completed reload, in  0.834 seconds
Domain Reload Profiling:
	ReloadAssembly (835ms)
		BeginReloadAssembly (85ms)
			ExecutionOrderSort (0ms)
			DisableScriptedObjects (3ms)
			BackupInstance (0ms)
			ReleaseScriptingObjects (0ms)
			CreateAndSetChildDomain (38ms)
		EndReloadAssembly (701ms)
			LoadAssemblies (55ms)
			RebuildTransferFunctionScriptingTraits (0ms)
			SetupTypeCache (253ms)
			ReleaseScriptCaches (1ms)
			RebuildScriptCaches (37ms)
			SetupLoadedEditorAssemblies (257ms)
				LogAssemblyErrors (0ms)
				InitializePlatformSupportModulesInManaged (3ms)
				SetLoadedEditorAssemblies (0ms)
				RefreshPlugins (0ms)
				BeforeProcessingInitializeOnLoad (73ms)
				ProcessInitializeOnLoadAttributes (172ms)
				ProcessInitializeOnLoadMethodAttributes (7ms)
				AfterProcessingInitializeOnLoad (1ms)
				EditorAssembliesLoaded (0ms)
			ExecutionOrderSort2 (0ms)
			AwakeInstancesAfterBackupRestoration (5ms)
Platform modules already initialized, skipping
Refreshing native plugins compatible for Editor in 0.29 ms, found 2 plugins.
Preloading 0 native plugins for Editor in 0.00 ms.
Unloading 1501 Unused Serialized files (Serialized files now loaded: 0)
System memory in use before: 500.0 MB.
System memory in use after: 500.1 MB.

Unloading 14 unused Assets to reduce memory usage. Loaded Objects now: 2039.
Total: 2.038201 ms (FindLiveObjects: 0.104930 ms CreateObjectMapping: 0.037498 ms MarkObjects: 1.883459 ms  DeleteObjects: 0.011648 ms)

AssetImportParameters requested are different than current active one (requested -> active):
  custom:video-decoder-ogg-theora: a1e56fd34408186e4bbccfd4996cb3dc -> 
  custom:container-muxer-webm: aa71ff27fc2769a1b78a27578f13a17b -> 
  custom:container-demuxer-webm: 4f35f7cbe854078d1ac9338744f61a02 -> 
  custom:container-demuxer-ogg: 62fdf1f143b41e24485cea50d1cbac27 -> 
  custom:video-encoder-webm-vp8: eb34c28f22e8b96e1ab97ce403110664 -> 
  custom:framework-osx-AVFoundation: e770b220cccbd017edd2c1fefb359320 -> 
  custom:video-decoder-webm-vp8: 9c59270c3fd7afecdb556c50c9e8de78 -> 
  custom:audio-decoder-ogg-vorbis: bf7c407c2cedff20999df2af8eb42d56 -> 
  custom:audio-encoder-webm-vorbis: bf7c407c2cedff20999df2af8eb42d56 -> 
========================================================================
Received Prepare
Registering precompiled user dll's ...
Registered in 0.001708 seconds.
Begin MonoManager ReloadAssembly
Native extension for OSXStandalone target not found
Refreshing native plugins compatible for Editor in 0.29 ms, found 2 plugins.
Preloading 0 native plugins for Editor in 0.00 ms.
2024-04-08 12:40:26.374 Unity[82513:2150658] NSEventModifierFlagFunction specified to -setKeyEquivalentModifierMask: for item <NSMenuItem: 0x7f892e0729b0 Font Asset, ke='Command-F12'>, but is only supported for system-provided menu items; will not be used
Mono: successfully reloaded assembly
- Completed reload, in  0.809 seconds
Domain Reload Profiling:
	ReloadAssembly (810ms)
		BeginReloadAssembly (84ms)
			ExecutionOrderSort (0ms)
			DisableScriptedObjects (4ms)
			BackupInstance (0ms)
			ReleaseScriptingObjects (0ms)
			CreateAndSetChildDomain (36ms)
		EndReloadAssembly (677ms)
			LoadAssemblies (55ms)
			RebuildTransferFunctionScriptingTraits (0ms)
			SetupTypeCache (250ms)
			ReleaseScriptCaches (1ms)
			RebuildScriptCaches (36ms)
			SetupLoadedEditorAssemblies (243ms)
				LogAssemblyErrors (0ms)
				InitializePlatformSupportModulesInManaged (3ms)
				SetLoadedEditorAssemblies (0ms)
				RefreshPlugins (0ms)
				BeforeProcessingInitializeOnLoad (70ms)
				ProcessInitializeOnLoadAttributes (161ms)
				ProcessInitializeOnLoadMethodAttributes (7ms)
				AfterProcessingInitializeOnLoad (1ms)
				EditorAssembliesLoaded (0ms)
			ExecutionOrderSort2 (0ms)
			AwakeInstancesAfterBackupRestoration (5ms)
Platform modules already initialized, skipping
Refreshing native plugins compatible for Editor in 0.30 ms, found 2 plugins.
Preloading 0 native plugins for Editor in 0.00 ms.
Unloading 1501 Unused Serialized files (Serialized files now loaded: 0)
System memory in use before: 502.3 MB.
System memory in use after: 502.4 MB.

Unloading 14 unused Assets to reduce memory usage. Loaded Objects now: 2041.
Total: 2.036627 ms (FindLiveObjects: 0.107456 ms CreateObjectMapping: 0.040083 ms MarkObjects: 1.876955 ms  DeleteObjects: 0.011438 ms)

AssetImportParameters requested are different than current active one (requested -> active):
  custom:video-decoder-ogg-theora: a1e56fd34408186e4bbccfd4996cb3dc -> 
  custom:container-muxer-webm: aa71ff27fc2769a1b78a27578f13a17b -> 
  custom:container-demuxer-webm: 4f35f7cbe854078d1ac9338744f61a02 -> 
  custom:container-demuxer-ogg: 62fdf1f143b41e24485cea50d1cbac27 -> 
  custom:video-encoder-webm-vp8: eb34c28f22e8b96e1ab97ce403110664 -> 
  custom:framework-osx-AVFoundation: e770b220cccbd017edd2c1fefb359320 -> 
  custom:video-decoder-webm-vp8: 9c59270c3fd7afecdb556c50c9e8de78 -> 
  custom:audio-decoder-ogg-vorbis: bf7c407c2cedff20999df2af8eb42d56 -> 
  custom:audio-encoder-webm-vorbis: bf7c407c2cedff20999df2af8eb42d56 -> 
AssetImportWorkerClient::OnTransportError - code=2 error=End of file
